<?xml version="1.0" encoding="UTF-8"?>
<testsuite xmlns:xsi="http://www.w3.org/2001/XMLSchema-instance" xsi:noNamespaceSchemaLocation="https://maven.apache.org/surefire/maven-surefire-plugin/xsd/surefire-test-report-3.0.xsd" version="3.0" name="vn.tayjava.BackendServiceApplicationTests" time="3.021" tests="1" errors="0" skipped="0" failures="0">
  <properties>
[...]
</properties>
  <testcase name="contextLoads" classname="vn.tayjava.BackendServiceApplicationTests" time="0.289">
    <system-out><![CDATA[Standard Commons Logging discovery in action with spring-jcl: please remove commons-logging.jar from classpath in order to avoid potential conflicts
12:33:37.628 [main] INFO org.springframework.test.context.support.AnnotationConfigContextLoaderUtils -- Could not detect default configuration classes for test class [vn.tayjava.BackendServiceApplicationTests]: BackendServiceApplicationTests does not declare any static, non-private, non-final, nested classes annotated with @Configuration.
12:33:37.675 [main] INFO org.springframework.boot.test.context.SpringBootTestContextBootstrapper -- Found @SpringBootConfiguration vn.tayjava.BackendServiceApplication for test class vn.tayjava.BackendServiceApplicationTests
12:33:37.742 [main] INFO org.springframework.boot.devtools.restart.RestartApplicationListener -- Restart disabled due to context in which it is running
  ____             _                  _   ____                  _
 | __ )  __ _  ___| | _____ _ __   __| | / ___|  ___ _ ____   _(_) ___ ___
 |  _ \ / _` |/ __| |/ / _ \ '_ \ / _` | \___ \ / _ \ '__\ \ / / |/ __/ _ \
 | |_) | (_| | (__|   <  __/ | | | (_| |  ___) |  __/ |   \ V /| | (_|  __/
 |____/ \__,_|\___|_|\_\___|_| |_|\__,_| |____/ \___|_|    \_/ |_|\___\___|
2024-10-18T12:33:37.865+07:00  INFO 26390 --- [backend-service] [           main] v.t.BackendServiceApplicationTests       : Starting BackendServiceApplicationTests using Java 23 with PID 26390 (started by quoctay in /Users/quoctay/Workspace/training/BackendFullSteps)
2024-10-18T12:33:37.867+07:00  INFO 26390 --- [backend-service] [           main] v.t.BackendServiceApplicationTests       : The following 1 profile is active: "dev"
2024-10-18T12:33:38.335+07:00  INFO 26390 --- [backend-service] [           main] .s.d.r.c.RepositoryConfigurationDelegate : Bootstrapping Spring Data JPA repositories in DEFAULT mode.
2024-10-18T12:33:38.359+07:00  INFO 26390 --- [backend-service] [           main] .s.d.r.c.RepositoryConfigurationDelegate : Finished Spring Data repository scanning in 20 ms. Found 1 JPA repository interface.
2024-10-18T12:33:38.682+07:00  INFO 26390 --- [backend-service] [           main] o.hibernate.jpa.internal.util.LogHelper  : HHH000204: Processing PersistenceUnitInfo [name: default]
2024-10-18T12:33:38.699+07:00  INFO 26390 --- [backend-service] [           main] org.hibernate.Version                    : HHH000412: Hibernate ORM core version 6.5.3.Final
2024-10-18T12:33:38.710+07:00  INFO 26390 --- [backend-service] [           main] o.h.c.internal.RegionFactoryInitiator    : HHH000026: Second-level cache disabled
2024-10-18T12:33:38.826+07:00  INFO 26390 --- [backend-service] [           main] o.s.o.j.p.SpringPersistenceUnitInfo      : No LoadTimeWeaver setup: ignoring JPA class transformer
2024-10-18T12:33:38.836+07:00  INFO 26390 --- [backend-service] [           main] com.zaxxer.hikari.HikariDataSource       : HikariPool-1 - Starting...
2024-10-18T12:33:38.924+07:00  INFO 26390 --- [backend-service] [           main] com.zaxxer.hikari.pool.HikariPool        : HikariPool-1 - Added connection com.mysql.cj.jdbc.ConnectionImpl@24f3fb87
2024-10-18T12:33:38.925+07:00  INFO 26390 --- [backend-service] [           main] com.zaxxer.hikari.HikariDataSource       : HikariPool-1 - Start completed.
2024-10-18T12:33:38.944+07:00  WARN 26390 --- [backend-service] [           main] org.hibernate.orm.deprecation            : HHH90000025: MySQL8Dialect does not need to be specified explicitly using 'hibernate.dialect' (remove the property setting and it will be selected by default)
2024-10-18T12:33:38.945+07:00  WARN 26390 --- [backend-service] [           main] org.hibernate.orm.deprecation            : HHH90000026: MySQL8Dialect has been deprecated; use org.hibernate.dialect.MySQLDialect instead
2024-10-18T12:33:39.291+07:00  INFO 26390 --- [backend-service] [           main] o.h.e.t.j.p.i.JtaPlatformInitiator       : HHH000489: No JTA platform available (set 'hibernate.transaction.jta.platform' to enable JTA platform integration)
2024-10-18T12:33:39.292+07:00  INFO 26390 --- [backend-service] [           main] j.LocalContainerEntityManagerFactoryBean : Initialized JPA EntityManagerFactory for persistence unit 'default'
2024-10-18T12:33:39.492+07:00  INFO 26390 --- [backend-service] [           main] USER-SERVICE                             : userDetailsService
2024-10-18T12:33:39.495+07:00  INFO 26390 --- [backend-service] [           main] eAuthenticationProviderManagerConfigurer : Global AuthenticationManager configured with AuthenticationProvider bean with name authenticationProvider
API Key: null
2024-10-18T12:33:39.633+07:00  WARN 26390 --- [backend-service] [           main] JpaBaseConfiguration$JpaWebConfiguration : spring.jpa.open-in-view is enabled by default. Therefore, database queries may be performed during view rendering. Explicitly configure spring.jpa.open-in-view to disable this warning
2024-10-18T12:33:39.894+07:00  INFO 26390 --- [backend-service] [           main] o.s.b.a.e.web.EndpointLinksResolver      : Exposing 14 endpoints beneath base path '/actuator'
2024-10-18T12:33:40.180+07:00  WARN 26390 --- [backend-service] [           main] o.s.s.c.a.web.builders.WebSecurity       : You are asking Spring Security to ignore Deferred [Mvc [pattern='/actuator/**'], Ant [pattern='/actuator/**']]. This is not recommended -- please use permitAll via HttpSecurity#authorizeHttpRequests instead.
2024-10-18T12:33:40.180+07:00  WARN 26390 --- [backend-service] [           main] o.s.s.c.a.web.builders.WebSecurity       : You are asking Spring Security to ignore Deferred [Mvc [pattern='/v3/**'], Ant [pattern='/v3/**']]. This is not recommended -- please use permitAll via HttpSecurity#authorizeHttpRequests instead.
2024-10-18T12:33:40.180+07:00  WARN 26390 --- [backend-service] [           main] o.s.s.c.a.web.builders.WebSecurity       : You are asking Spring Security to ignore Deferred [Mvc [pattern='/webjars/**'], Ant [pattern='/webjars/**']]. This is not recommended -- please use permitAll via HttpSecurity#authorizeHttpRequests instead.
2024-10-18T12:33:40.180+07:00  WARN 26390 --- [backend-service] [           main] o.s.s.c.a.web.builders.WebSecurity       : You are asking Spring Security to ignore Deferred [Mvc [pattern='/swagger-ui*/*swagger-initializer.js'], Ant [pattern='/swagger-ui*/*swagger-initializer.js']]. This is not recommended -- please use permitAll via HttpSecurity#authorizeHttpRequests instead.
2024-10-18T12:33:40.180+07:00  WARN 26390 --- [backend-service] [           main] o.s.s.c.a.web.builders.WebSecurity       : You are asking Spring Security to ignore Deferred [Mvc [pattern='/swagger-ui*/**'], Ant [pattern='/swagger-ui*/**']]. This is not recommended -- please use permitAll via HttpSecurity#authorizeHttpRequests instead.
2024-10-18T12:33:40.230+07:00  INFO 26390 --- [backend-service] [           main] v.t.BackendServiceApplicationTests       : Started BackendServiceApplicationTests in 2.492 seconds (process running for 2.925)
]]></system-out>
    <system-err><![CDATA[WARNING: A Java agent has been loaded dynamically (/Users/quoctay/.m2/repository/net/bytebuddy/byte-buddy-agent/1.14.19/byte-buddy-agent-1.14.19.jar)
WARNING: If a serviceability tool is in use, please run with -XX:+EnableDynamicAgentLoading to hide this warning
WARNING: If a serviceability tool is not in use, please run with -Djdk.instrument.traceUsage for more information
WARNING: Dynamic loading of agents will be disallowed by default in a future release
]]></system-err>
  </testcase>
</testsuite>